c:\users\aingaran\onedrive\3980\final\3980protocolassignment v6\3980protocolassignment\debug\vc140.pdb
c:\users\aingaran\onedrive\3980\final\3980protocolassignment v6\3980protocolassignment\debug\vc140.idb
c:\users\aingaran\onedrive\3980\final\3980protocolassignment v6\3980protocolassignment\debug\protocol.obj
c:\users\aingaran\onedrive\3980\final\3980protocolassignment v6\3980protocolassignment\debug\transmit.obj
c:\users\aingaran\onedrive\3980\final\3980protocolassignment v6\3980protocolassignment\debug\resource.res
c:\users\aingaran\onedrive\3980\final\3980protocolassignment v6\debug\3980protocolassignment.pdb
c:\users\aingaran\onedrive\3980\final\3980protocolassignment v6\3980protocolassignment\debug\3980prot.a010e8fa.tlog\cl.command.1.tlog
c:\users\aingaran\onedrive\3980\final\3980protocolassignment v6\3980protocolassignment\debug\3980prot.a010e8fa.tlog\cl.read.1.tlog
c:\users\aingaran\onedrive\3980\final\3980protocolassignment v6\3980protocolassignment\debug\3980prot.a010e8fa.tlog\cl.write.1.tlog
c:\users\aingaran\onedrive\3980\final\3980protocolassignment v6\3980protocolassignment\debug\3980prot.a010e8fa.tlog\link.9716-cvtres.read.1.tlog
c:\users\aingaran\onedrive\3980\final\3980protocolassignment v6\3980protocolassignment\debug\3980prot.a010e8fa.tlog\link.9716-cvtres.write.1.tlog
c:\users\aingaran\onedrive\3980\final\3980protocolassignment v6\3980protocolassignment\debug\3980prot.a010e8fa.tlog\link.9716-rc.read.1.tlog
c:\users\aingaran\onedrive\3980\final\3980protocolassignment v6\3980protocolassignment\debug\3980prot.a010e8fa.tlog\link.9716-rc.write.1.tlog
c:\users\aingaran\onedrive\3980\final\3980protocolassignment v6\3980protocolassignment\debug\3980prot.a010e8fa.tlog\link.9716.read.1.tlog
c:\users\aingaran\onedrive\3980\final\3980protocolassignment v6\3980protocolassignment\debug\3980prot.a010e8fa.tlog\link.9716.write.1.tlog
c:\users\aingaran\onedrive\3980\final\3980protocolassignment v6\3980protocolassignment\debug\3980prot.a010e8fa.tlog\link.command.1.tlog
c:\users\aingaran\onedrive\3980\final\3980protocolassignment v6\3980protocolassignment\debug\3980prot.a010e8fa.tlog\link.read.1.tlog
c:\users\aingaran\onedrive\3980\final\3980protocolassignment v6\3980protocolassignment\debug\3980prot.a010e8fa.tlog\link.write.1.tlog
c:\users\aingaran\onedrive\3980\final\3980protocolassignment v6\3980protocolassignment\debug\3980prot.a010e8fa.tlog\rc.command.1.tlog
c:\users\aingaran\onedrive\3980\final\3980protocolassignment v6\3980protocolassignment\debug\3980prot.a010e8fa.tlog\rc.read.1.tlog
c:\users\aingaran\onedrive\3980\final\3980protocolassignment v6\3980protocolassignment\debug\3980prot.a010e8fa.tlog\rc.write.1.tlog
